<?xml version="1.0" encoding="UTF-8"?>
<!-- Generated by org.testng.reporters.JUnitXMLReporter -->
<testsuite ignored="0" hostname="DESKTOP-EO0C3GI" failures="0" tests="13" name="Surefire test" time="26.579" errors="0" timestamp="2022-05-07T01:48:57 MSK">
  <testcase classname="EnterTest" name="enterToAccountFromMainPageByEnterToAccoutButton on enterToAccountFromMainPageByEnterToAccoutButton(EnterTest)" time="7.096"/>
  <testcase classname="EnterTest" name="enterToAccountFromLoginPageByRecoverPasswordButton on enterToAccountFromLoginPageByRecoverPasswordButton(EnterTest)" time="7.693"/>
  <testcase classname="EnterTest" name="enterToAccountFromMainPageByPersonalAccountButton on enterToAccountFromMainPageByPersonalAccountButton(EnterTest)" time="8.368"/>
  <testcase classname="EnterTest" name="enterToAccountFromRegistrationPageByEnterButton on enterToAccountFromRegistrationPageByEnterButton(EnterTest)" time="8.902"/>
  <testcase classname="ExitTest" name="exitFromAccount on exitFromAccount(ExitTest)" time="2.834"/>
  <testcase classname="GoToTheSectionTest" name="goToTheSauseSection on goToTheSauseSection(GoToTheSectionTest)" time="0.572"/>
  <testcase classname="GoToTheSectionTest" name="goToTheFillingSection on goToTheFillingSection(GoToTheSectionTest)" time="1.117"/>
  <testcase classname="GoToTheSectionTest" name="goToTheBunSection on goToTheBunSection(GoToTheSectionTest)" time="1.692"/>
  <testcase classname="RegistrationTest" name="registrationWithIncorrectPassword on registrationWithIncorrectPassword(RegistrationTest)" time="0.524"/>
  <testcase classname="RegistrationTest" name="registrationWithCorrectPassword on registrationWithCorrectPassword(RegistrationTest)" time="3.371"/>
  <testcase classname="SwitchingBetweenPagesTest" name="switchingFromPersonalAccountToDesignerByDesignerButton on switchingFromPersonalAccountToDesignerByDesignerButton(SwitchingBetweenPagesTest)" time="3.611"/>
  <testcase classname="SwitchingBetweenPagesTest" name="switchingToPersonalAccount on switchingToPersonalAccount(SwitchingBetweenPagesTest)" time="6.439"/>
  <testcase classname="SwitchingBetweenPagesTest" name="switchingFromPersonalAccountToDesignerByLogoButton on switchingFromPersonalAccountToDesignerByLogoButton(SwitchingBetweenPagesTest)" time="9.637"/>
</testsuite> <!-- Surefire test -->
