<?xml version="1.0" encoding="UTF-8"?>
<!-- Generated by org.testng.reporters.JUnitXMLReporter -->
<testsuite ignored="0" hostname="DESKTOP-EO0C3GI" failures="0" tests="13" name="Surefire test" time="38.183" errors="0" timestamp="2022-05-03T17:11:02 MSK">
  <testcase classname="EnterTest" name="enterToAccountFromMainPageByEnterToAccoutButton on enterToAccountFromMainPageByEnterToAccoutButton(EnterTest)" time="9.656"/>
  <testcase classname="EnterTest" name="enterToAccountFromLoginPageByRecoverPasswordButton on enterToAccountFromLoginPageByRecoverPasswordButton(EnterTest)" time="10.963"/>
  <testcase classname="EnterTest" name="enterToAccountFromMainPageByPersonalAccountButton on enterToAccountFromMainPageByPersonalAccountButton(EnterTest)" time="11.667"/>
  <testcase classname="EnterTest" name="enterToAccountFromRegistrationPageByEnterButton on enterToAccountFromRegistrationPageByEnterButton(EnterTest)" time="12.344"/>
  <testcase classname="ExitTest" name="exitFromAccount on exitFromAccount(ExitTest)" time="4.235"/>
  <testcase classname="GoToTheSectionTest" name="goToTheSauseSection on goToTheSauseSection(GoToTheSectionTest)" time="0.765"/>
  <testcase classname="GoToTheSectionTest" name="goToTheFillingSection on goToTheFillingSection(GoToTheSectionTest)" time="1.507"/>
  <testcase classname="GoToTheSectionTest" name="goToTheBunSection on goToTheBunSection(GoToTheSectionTest)" time="2.309"/>
  <testcase classname="RegistrationTest" name="registrationWithIncorrectPassword on registrationWithIncorrectPassword(RegistrationTest)" time="0.713"/>
  <testcase classname="RegistrationTest" name="registrationWithCorrectPassword on registrationWithCorrectPassword(RegistrationTest)" time="4.615"/>
  <testcase classname="SwitchingBetweenPagesTest" name="switchingFromPersonalAccountToDesignerByDesignerButton on switchingFromPersonalAccountToDesignerByDesignerButton(SwitchingBetweenPagesTest)" time="4.769"/>
  <testcase classname="SwitchingBetweenPagesTest" name="switchingToPersonalAccount on switchingToPersonalAccount(SwitchingBetweenPagesTest)" time="9.395"/>
  <testcase classname="SwitchingBetweenPagesTest" name="switchingFromPersonalAccountToDesignerByLogoButton on switchingFromPersonalAccountToDesignerByLogoButton(SwitchingBetweenPagesTest)" time="14.492"/>
</testsuite> <!-- Surefire test -->
